<?xml version="1.0" encoding="UTF-8"?>
<testng-results ignored="0" total="2" passed="2" failed="0" skipped="0">
  <reporter-output>
  </reporter-output>
  <suite started-at="2024-06-26T12:19:21 IST" name="Default suite" finished-at="2024-06-26T12:19:37 IST" duration-ms="16097">
    <groups>
      <group name="cucumber">
        <method signature="AbstractTestNGCucumberTests.runScenario(io.cucumber.testng.PickleWrapper,io.cucumber.testng.FeatureWrapper)[pri:0, instance:Execution.RunnerClass@17f9d882]" name="runScenario" class="io.cucumber.testng.AbstractTestNGCucumberTests"/>
      </group> <!-- cucumber -->
    </groups>
    <test started-at="2024-06-26T12:19:21 IST" name="Default test" finished-at="2024-06-26T12:19:37 IST" duration-ms="16097">
      <class name="Execution.RunnerClass">
        <test-method is-config="true" signature="setUpClass(org.testng.ITestContext)[pri:0, instance:Execution.RunnerClass@17f9d882]" started-at="2024-06-26T12:19:21 IST" name="setUpClass" finished-at="2024-06-26T12:19:28 IST" duration-ms="6504" status="PASS">
          <params>
            <param index="0">
              <value>
                <![CDATA[org.testng.TestRunner@5af5d76f]]>
              </value>
            </param>
          </params>
          <reporter-output>
          </reporter-output>
        </test-method> <!-- setUpClass -->
        <test-method signature="runScenario(io.cucumber.testng.PickleWrapper,io.cucumber.testng.FeatureWrapper)[pri:0, instance:Execution.RunnerClass@17f9d882]" started-at="2024-06-26T12:19:28 IST" name="runScenario" description="Runs Cucumber Scenarios" data-provider="scenarios" finished-at="2024-06-26T12:19:34 IST" duration-ms="5899" status="PASS">
          <params>
            <param index="0">
              <value>
                <![CDATA["Verify Logo of the Rahul Shetty Application"]]>
              </value>
            </param>
            <param index="1">
              <value>
                <![CDATA["Validate the Rahul Shetty Application"]]>
              </value>
            </param>
          </params>
          <reporter-output>
          </reporter-output>
        </test-method> <!-- runScenario -->
        <test-method signature="runScenario(io.cucumber.testng.PickleWrapper,io.cucumber.testng.FeatureWrapper)[pri:0, instance:Execution.RunnerClass@17f9d882]" started-at="2024-06-26T12:19:34 IST" name="runScenario" description="Runs Cucumber Scenarios" data-provider="scenarios" finished-at="2024-06-26T12:19:35 IST" duration-ms="1441" status="PASS">
          <params>
            <param index="0">
              <value>
                <![CDATA["Verify Login functionality of Rahul Shetty Application"]]>
              </value>
            </param>
            <param index="1">
              <value>
                <![CDATA["Validate the Rahul Shetty Application"]]>
              </value>
            </param>
          </params>
          <reporter-output>
          </reporter-output>
        </test-method> <!-- runScenario -->
        <test-method is-config="true" signature="tearDownClass()[pri:0, instance:Execution.RunnerClass@17f9d882]" started-at="2024-06-26T12:19:35 IST" name="tearDownClass" finished-at="2024-06-26T12:19:37 IST" duration-ms="2203" status="PASS">
          <reporter-output>
          </reporter-output>
        </test-method> <!-- tearDownClass -->
      </class> <!-- Execution.RunnerClass -->
    </test> <!-- Default test -->
  </suite> <!-- Default suite -->
</testng-results>
