<?xml version="1.0" encoding="UTF-8"?>
<testng-results ignored="0" total="2" passed="2" failed="0" skipped="0">
  <reporter-output>
  </reporter-output>
  <suite started-at="2024-07-28T20:39:35 IST" name="Default suite" finished-at="2024-07-28T20:40:11 IST" duration-ms="35930">
    <groups>
      <group name="cucumber">
        <method signature="AbstractTestNGCucumberTests.runScenario(io.cucumber.testng.PickleWrapper,io.cucumber.testng.FeatureWrapper)[pri:0, instance:Execution.RunnerClass@7c37508a]" name="runScenario" class="io.cucumber.testng.AbstractTestNGCucumberTests"/>
      </group> <!-- cucumber -->
    </groups>
    <test started-at="2024-07-28T20:39:35 IST" name="Default test" finished-at="2024-07-28T20:40:11 IST" duration-ms="35930">
      <class name="Execution.RunnerClass">
        <test-method is-config="true" signature="setUpClass(org.testng.ITestContext)[pri:0, instance:Execution.RunnerClass@7c37508a]" started-at="2024-07-28T20:39:35 IST" name="setUpClass" finished-at="2024-07-28T20:39:58 IST" duration-ms="22888" status="PASS">
          <params>
            <param index="0">
              <value>
                <![CDATA[org.testng.TestRunner@3af10d0b]]>
              </value>
            </param>
          </params>
          <reporter-output>
          </reporter-output>
        </test-method> <!-- setUpClass -->
        <test-method signature="runScenario(io.cucumber.testng.PickleWrapper,io.cucumber.testng.FeatureWrapper)[pri:0, instance:Execution.RunnerClass@7c37508a]" started-at="2024-07-28T20:39:58 IST" name="runScenario" description="Runs Cucumber Scenarios" data-provider="scenarios" finished-at="2024-07-28T20:40:06 IST" duration-ms="8550" status="PASS">
          <params>
            <param index="0">
              <value>
                <![CDATA["Verify Logo of the Rahul Shetty Application"]]>
              </value>
            </param>
            <param index="1">
              <value>
                <![CDATA["Validate the Rahul Shetty Application"]]>
              </value>
            </param>
          </params>
          <reporter-output>
          </reporter-output>
        </test-method> <!-- runScenario -->
        <test-method signature="runScenario(io.cucumber.testng.PickleWrapper,io.cucumber.testng.FeatureWrapper)[pri:0, instance:Execution.RunnerClass@7c37508a]" started-at="2024-07-28T20:40:06 IST" name="runScenario" description="Runs Cucumber Scenarios" data-provider="scenarios" finished-at="2024-07-28T20:40:08 IST" duration-ms="1776" status="PASS">
          <params>
            <param index="0">
              <value>
                <![CDATA["Verify Login functionality of Rahul Shetty Application"]]>
              </value>
            </param>
            <param index="1">
              <value>
                <![CDATA["Validate the Rahul Shetty Application"]]>
              </value>
            </param>
          </params>
          <reporter-output>
          </reporter-output>
        </test-method> <!-- runScenario -->
        <test-method is-config="true" signature="tearDownClass()[pri:0, instance:Execution.RunnerClass@7c37508a]" started-at="2024-07-28T20:40:08 IST" name="tearDownClass" finished-at="2024-07-28T20:40:11 IST" duration-ms="2674" status="PASS">
          <reporter-output>
          </reporter-output>
        </test-method> <!-- tearDownClass -->
      </class> <!-- Execution.RunnerClass -->
    </test> <!-- Default test -->
  </suite> <!-- Default suite -->
</testng-results>
